{
  "0 debug pnpm:scope": {
    "selected": 1
  },
  "1 debug pnpm:package-manifest": {
    "initial": {
      "name": "CakeShopBackend",
      "version": "1.0.0",
      "description": "",
      "main": "index.js",
      "scripts": {
        "test": "echo \"Error: no test specified\" && exit 1"
      },
      "keywords": [],
      "author": "",
      "license": "ISC"
    },
    "prefix": "/home/workspace/reactjs/coding-practices/myReactProjects/CakeShopBackend"
  },
  "2 debug pnpm:context": {
    "currentLockfileExists": false,
    "storeDir": "/home/workspace/.pnpm-store/v3",
    "virtualStoreDir": "/home/workspace/reactjs/coding-practices/myReactProjects/CakeShopBackend/node_modules/.pnpm"
  },
  "3 debug pnpm:stage": {
    "prefix": "/home/workspace/reactjs/coding-practices/myReactProjects/CakeShopBackend",
    "stage": "resolution_started"
  },
  "4 debug pnpm:_dependency_resolved": {
    "resolution": "registry.npmjs.org/cors/2.8.5",
    "wanted": {
      "dependentId": ".",
      "name": "cors",
      "rawSpec": "latest"
    }
  },
  "5 debug pnpm:progress": {
    "packageId": "registry.npmjs.org/cors/2.8.5",
    "requester": "/home/workspace/reactjs/coding-practices/myReactProjects/CakeShopBackend",
    "status": "resolved"
  },
  "6 debug pnpm:_dependency_resolved": {
    "resolution": "registry.npmjs.org/express/4.18.2",
    "wanted": {
      "dependentId": ".",
      "name": "express",
      "rawSpec": "latest"
    }
  },
  "7 debug pnpm:progress": {
    "packageId": "registry.npmjs.org/express/4.18.2",
    "requester": "/home/workspace/reactjs/coding-practices/myReactProjects/CakeShopBackend",
    "status": "resolved"
  },
  "8 debug pnpm:progress": {
    "packageId": "registry.npmjs.org/cors/2.8.5",
    "requester": "/home/workspace/reactjs/coding-practices/myReactProjects/CakeShopBackend",
    "status": "found_in_store"
  },
  "9 debug pnpm:progress": {
    "packageId": "registry.npmjs.org/express/4.18.2",
    "requester": "/home/workspace/reactjs/coding-practices/myReactProjects/CakeShopBackend",
    "status": "found_in_store"
  },
  "10 error pnpm": {
    "code": "ERR_PNPM_FETCH_404",
    "hint": "splite3 is not in the npm registry, or you have no permission to fetch it.\n\nNo authorization header was set for the request.",
    "request": {
      "url": "https://registry.npmjs.org/splite3"
    },
    "response": {
      "size": 0
    },
    "pkgName": "splite3",
    "pkgsStack": [],
    "err": {
      "name": "pnpm",
      "message": "GET https://registry.npmjs.org/splite3: Not Found - 404",
      "code": "ERR_PNPM_FETCH_404",
      "stack": "pnpm: GET https://registry.npmjs.org/splite3: Not Found - 404\n    at RetryOperation._fn (/usr/local/lib/node_modules/pnpm/dist/pnpm.cjs:85815:19)\n    at processTicksAndRejections (internal/process/task_queues.js:95:5)"
    }
  }
}